[12-May-2025 17:37:50 UTC] PHP Fatal error:  Uncaught Error: Class "App\Models\Product" not found in /var/www/html/src/Controllers/HomeController.php:15
Stack trace:
#0 /var/www/html/src/Core/Router.php(52): App\Controllers\HomeController->__construct()
#1 /var/www/html/public/index.php(23): App\Core\Router->dispatch()
#2 {main}
  thrown in /var/www/html/src/Controllers/HomeController.php on line 15
[12-May-2025 17:38:12 UTC] PHP Fatal error:  Uncaught Error: Class "App\Models\Product" not found in /var/www/html/src/Controllers/HomeController.php:15
Stack trace:
#0 /var/www/html/src/Core/Router.php(52): App\Controllers\HomeController->__construct()
#1 /var/www/html/public/index.php(23): App\Core\Router->dispatch()
#2 {main}
  thrown in /var/www/html/src/Controllers/HomeController.php on line 15
[12-May-2025 17:42:27 UTC] PHP Fatal error:  Uncaught Error: Class "App\Models\User" not found in /var/www/html/src/Controllers/AuthController.php:18
Stack trace:
#0 /var/www/html/src/Core/Router.php(52): App\Controllers\AuthController->__construct()
#1 /var/www/html/public/index.php(14): App\Core\Router->dispatch()
#2 {main}
  thrown in /var/www/html/src/Controllers/AuthController.php on line 18
[12-May-2025 17:55:39 UTC] PHP Fatal error:  Uncaught Error: Class "App\Controllers\ProductController" not found in /var/www/html/public/debug-products.php:10
Stack trace:
#0 {main}
  thrown in /var/www/html/public/debug-products.php on line 10
[12-May-2025 17:55:43 UTC] PHP Fatal error:  Uncaught Error: Class "App\Controllers\ProductController" not found in /var/www/html/public/debug-products.php:10
Stack trace:
#0 {main}
  thrown in /var/www/html/public/debug-products.php on line 10
[12-May-2025 18:00:40 UTC] PHP Fatal error:  Uncaught Error: Class "App\Models\User" not found in /var/www/html/src/Controllers/AuthController.php:18
Stack trace:
#0 /var/www/html/src/Core/Router.php(52): App\Controllers\AuthController->__construct()
#1 /var/www/html/public/index.php(14): App\Core\Router->dispatch()
#2 {main}
  thrown in /var/www/html/src/Controllers/AuthController.php on line 18
[12-May-2025 19:09:06 UTC] Database connection error: SQLSTATE[HY000] [2002] php_network_getaddresses: getaddrinfo for db failed: Name or service not known
[12-May-2025 19:29:46 UTC] Database connection error: SQLSTATE[HY000] [2002] php_network_getaddresses: getaddrinfo for db failed: Name or service not known
[12-May-2025 19:29:48 UTC] Database connection error: SQLSTATE[HY000] [2002] php_network_getaddresses: getaddrinfo for db failed: Name or service not known
[12-May-2025 19:33:12 UTC] PHP Fatal error:  Uncaught TypeError: PDO::query(): Argument #2 ($fetchMode) must be of type ?int, array given in /var/www/html/src/Models/Product.php:156
Stack trace:
#0 /var/www/html/src/Models/Product.php(156): PDO->query()
#1 /var/www/html/src/Controllers/HomeController.php(21): App\Models\Product->getFeaturedProducts()
#2 /var/www/html/src/Core/Router.php(55): App\Controllers\HomeController->index()
#3 /var/www/html/public/index.php(14): App\Core\Router->dispatch()
#4 {main}
  thrown in /var/www/html/src/Models/Product.php on line 156
[12-May-2025 19:43:34 UTC] PHP Warning:  Undefined variable $updated in /var/www/html/src/Views/user/account.php on line 5
[12-May-2025 19:47:49 UTC] PHP Fatal error:  Uncaught Error: Call to undefined method App\Models\Cart::getCartItemsWithProducts() in /var/www/html/src/Controllers/CartController.php:38
Stack trace:
#0 /var/www/html/src/Core/Router.php(55): App\Controllers\CartController->index()
#1 /var/www/html/public/index.php(14): App\Core\Router->dispatch()
#2 {main}
  thrown in /var/www/html/src/Controllers/CartController.php on line 38
[12-May-2025 19:50:25 UTC] SQLSTATE[42S22]: Column not found: 1054 Unknown column 'p.image' in 'field list'
[12-May-2025 19:50:26 UTC] SQLSTATE[42S22]: Column not found: 1054 Unknown column 'p.image' in 'field list'
[12-May-2025 19:52:58 UTC] SQLSTATE[42S22]: Column not found: 1054 Unknown column 'p.image' in 'field list'
[12-May-2025 19:53:01 UTC] SQLSTATE[42S22]: Column not found: 1054 Unknown column 'p.image' in 'field list'
[12-May-2025 19:57:56 UTC] PHP Warning:  Undefined variable $updated in /var/www/html/src/Views/user/account.php on line 5
[12-May-2025 21:09:13 UTC] PHP Fatal error:  Uncaught Error: Call to undefined method App\Controllers\CartController::redirect() in /var/www/html/src/Controllers/CartController.php:193
Stack trace:
#0 /var/www/html/src/Core/Router.php(55): App\Controllers\CartController->remove()
#1 /var/www/html/public/index.php(14): App\Core\Router->dispatch()
#2 {main}
  thrown in /var/www/html/src/Controllers/CartController.php on line 193
[12-May-2025 21:09:31 UTC] PHP Warning:  Undefined variable $updated in /var/www/html/src/Views/user/account.php on line 5
[12-May-2025 21:09:32 UTC] PHP Warning:  Undefined variable $updated in /var/www/html/src/Views/user/account.php on line 5
[12-May-2025 21:19:40 UTC] PHP Warning:  Undefined variable $updated in /var/www/html/src/Views/user/account.php on line 5
[12-May-2025 21:19:55 UTC] SQLSTATE[HY000]: General error: 1364 Field 'updated_at' doesn't have a default value
[12-May-2025 21:20:02 UTC] SQLSTATE[HY000]: General error: 1364 Field 'updated_at' doesn't have a default value
